#! /usr/bin/vvp
:ivl_version "11.0 (stable)";
:ivl_delay_selection "TYPICAL";
:vpi_time_precision + 0;
:vpi_module "/usr/lib/aarch64-linux-gnu/ivl/system.vpi";
:vpi_module "/usr/lib/aarch64-linux-gnu/ivl/vhdl_sys.vpi";
:vpi_module "/usr/lib/aarch64-linux-gnu/ivl/vhdl_textio.vpi";
:vpi_module "/usr/lib/aarch64-linux-gnu/ivl/v2005_math.vpi";
:vpi_module "/usr/lib/aarch64-linux-gnu/ivl/va_math.vpi";
S_0xaaaac4b39d90 .scope module, "Basic" "Basic" 2 1;
 .timescale 0 0;
L_0xaaaac4b86d80 .functor NOT 1, v0xaaaac4b86c00_0, C4<0>, C4<0>, C4<0>;
L_0xaaaac4b86e40 .functor AND 1, v0xaaaac4b86a30_0, L_0xaaaac4b86d80, C4<1>, C4<1>;
L_0xaaaac4b86f60 .functor AND 1, v0xaaaac4b86af0_0, v0xaaaac4b86c00_0, C4<1>, C4<1>;
L_0xaaaac4b87050 .functor OR 1, L_0xaaaac4b86e40, L_0xaaaac4b86f60, C4<0>, C4<0>;
v0xaaaac4b39f20_0 .net *"_ivl_0", 0 0, L_0xaaaac4b86d80;  1 drivers
v0xaaaac4b86890_0 .net *"_ivl_2", 0 0, L_0xaaaac4b86e40;  1 drivers
v0xaaaac4b86970_0 .net *"_ivl_4", 0 0, L_0xaaaac4b86f60;  1 drivers
v0xaaaac4b86a30_0 .var "r_a", 0 0;
v0xaaaac4b86af0_0 .var "r_b", 0 0;
v0xaaaac4b86c00_0 .var "r_s", 0 0;
v0xaaaac4b86cc0_0 .net "w_x", 0 0, L_0xaaaac4b87050;  1 drivers
    .scope S_0xaaaac4b39d90;
T_0 ;
    %vpi_call 2 5 "$dumpfile", "wave.vcd" {0 0 0};
    %vpi_call 2 6 "$dumpvars", 32'sb00000000000000000000000000000000, S_0xaaaac4b39d90 {0 0 0};
    %end;
    .thread T_0;
    .scope S_0xaaaac4b39d90;
T_1 ;
    %pushi/vec4 0, 0, 1;
    %store/vec4 v0xaaaac4b86a30_0, 0, 1;
    %pushi/vec4 0, 0, 1;
    %store/vec4 v0xaaaac4b86af0_0, 0, 1;
    %pushi/vec4 0, 0, 1;
    %store/vec4 v0xaaaac4b86c00_0, 0, 1;
    %delay 2, 0;
    %pushi/vec4 1, 0, 1;
    %store/vec4 v0xaaaac4b86a30_0, 0, 1;
    %pushi/vec4 0, 0, 1;
    %store/vec4 v0xaaaac4b86af0_0, 0, 1;
    %pushi/vec4 0, 0, 1;
    %store/vec4 v0xaaaac4b86c00_0, 0, 1;
    %delay 2, 0;
    %pushi/vec4 0, 0, 1;
    %store/vec4 v0xaaaac4b86a30_0, 0, 1;
    %pushi/vec4 1, 0, 1;
    %store/vec4 v0xaaaac4b86af0_0, 0, 1;
    %pushi/vec4 0, 0, 1;
    %store/vec4 v0xaaaac4b86c00_0, 0, 1;
    %delay 2, 0;
    %pushi/vec4 1, 0, 1;
    %store/vec4 v0xaaaac4b86a30_0, 0, 1;
    %pushi/vec4 1, 0, 1;
    %store/vec4 v0xaaaac4b86af0_0, 0, 1;
    %pushi/vec4 0, 0, 1;
    %store/vec4 v0xaaaac4b86c00_0, 0, 1;
    %delay 2, 0;
    %pushi/vec4 0, 0, 1;
    %store/vec4 v0xaaaac4b86a30_0, 0, 1;
    %pushi/vec4 0, 0, 1;
    %store/vec4 v0xaaaac4b86af0_0, 0, 1;
    %pushi/vec4 1, 0, 1;
    %store/vec4 v0xaaaac4b86c00_0, 0, 1;
    %delay 2, 0;
    %pushi/vec4 1, 0, 1;
    %store/vec4 v0xaaaac4b86a30_0, 0, 1;
    %pushi/vec4 0, 0, 1;
    %store/vec4 v0xaaaac4b86af0_0, 0, 1;
    %pushi/vec4 1, 0, 1;
    %store/vec4 v0xaaaac4b86c00_0, 0, 1;
    %delay 2, 0;
    %pushi/vec4 0, 0, 1;
    %store/vec4 v0xaaaac4b86a30_0, 0, 1;
    %pushi/vec4 1, 0, 1;
    %store/vec4 v0xaaaac4b86af0_0, 0, 1;
    %pushi/vec4 1, 0, 1;
    %store/vec4 v0xaaaac4b86c00_0, 0, 1;
    %delay 2, 0;
    %pushi/vec4 1, 0, 1;
    %store/vec4 v0xaaaac4b86a30_0, 0, 1;
    %pushi/vec4 1, 0, 1;
    %store/vec4 v0xaaaac4b86af0_0, 0, 1;
    %pushi/vec4 1, 0, 1;
    %store/vec4 v0xaaaac4b86c00_0, 0, 1;
    %delay 2, 0;
    %vpi_call 2 52 "$finish" {0 0 0};
    %end;
    .thread T_1;
# The file index is used to find the file name in the following table.
:file_names 3;
    "N/A";
    "<interactive>";
    "Basic.v";
